<?xml version="1.0" encoding="UTF-8"?>
<!-- Generated by org.testng.reporters.JUnitXMLReporter -->
<testsuite ignored="0" hostname="PWLAP4271" failures="0" tests="1" name="TC006_PremiumPaymentModeValidation" time="79.643" errors="0" timestamp="19 Dec 2024 07:33:20 GMT">
  <testcase classname="com.policybazaar.components.setup.DriverSetup" name="@AfterClass classTearDown" time="0.0">
    <failure type="org.apache.poi.POIXMLException" message="org.apache.poi.openxml4j.exceptions.InvalidFormatException: Package should contain a content type part [M1.13]">
      <![CDATA[org.apache.poi.POIXMLException: org.apache.poi.openxml4j.exceptions.InvalidFormatException: Package should contain a content type part [M1.13]
	at org.apache.poi.util.PackageHelper.open(PackageHelper.java:39)
	at org.apache.poi.xwpf.usermodel.XWPFDocument.<init>(XWPFDocument.java:128)
	at com.policybazaar.components.reporting.WordGenerator.endTest(WordGenerator.java:63)
	at com.policybazaar.components.reporting.DocTestManager.endTest(DocTestManager.java:17)
	at com.policybazaar.components.setup.DriverSetup.classTearDown(DriverSetup.java:546)
	at java.base/java.util.concurrent.FutureTask.run(FutureTask.java:317)
	at java.base/java.util.concurrent.ThreadPoolExecutor.runWorker(ThreadPoolExecutor.java:1144)
	at java.base/java.util.concurrent.ThreadPoolExecutor$Worker.run(ThreadPoolExecutor.java:642)
	at java.base/java.lang.Thread.run(Thread.java:1570)
Caused by: org.apache.poi.openxml4j.exceptions.InvalidFormatException: Package should contain a content type part [M1.13]
	at org.apache.poi.openxml4j.opc.ZipPackage.getPartsImpl(ZipPackage.java:197)
	at org.apache.poi.openxml4j.opc.OPCPackage.getParts(OPCPackage.java:696)
	at org.apache.poi.openxml4j.opc.OPCPackage.open(OPCPackage.java:280)
	at org.apache.poi.util.PackageHelper.open(PackageHelper.java:37)
	... 22 more
... Removed 14 stack frames]]>
    </failure>
  </testcase> <!-- @AfterClass classTearDown -->
  <testcase classname="com.policybazaar.components.tests.TC006_PremiumPaymentModeValidation" name="TC006_premiumPaymentModeValidation" time="70.881"/>
</testsuite> <!-- TC006_PremiumPaymentModeValidation -->
