<?xml version="1.0" encoding="UTF-8"?>
<testng-results ignored="0" total="1" passed="1" failed="0" skipped="0">
  <reporter-output>
  </reporter-output>
  <suite started-at="2024-12-19T07:32:01Z" name="Test" finished-at="2024-12-19T07:33:20Z" duration-ms="79643">
    <groups>
    </groups>
    <test started-at="2024-12-19T07:32:01Z" name="TC006_PremiumPaymentModeValidation" finished-at="2024-12-19T07:33:20Z" duration-ms="79643">
      <class name="com.policybazaar.components.tests.TC006_PremiumPaymentModeValidation">
        <test-method is-config="true" signature="initializeTestBaseSetup(java.lang.String, java.lang.String, java.lang.String, java.lang.String, java.lang.String)[pri:0, instance:com.policybazaar.components.tests.TC006_PremiumPaymentModeValidation@6581dc0a]" started-at="2024-12-19T13:02:01Z" name="initializeTestBaseSetup" finished-at="2024-12-19T13:02:06Z" duration-ms="5547" status="PASS">
          <params>
            <param index="0">
              <value>
                <![CDATA[Desktop Web]]>
              </value>
            </param>
            <param index="1">
              <value>
                <![CDATA[TC006_PremiumPaymentModeValidation]]>
              </value>
            </param>
            <param index="2">
              <value>
                <![CDATA[DeviceCapability_Value4]]>
              </value>
            </param>
            <param index="3">
              <value>
                <![CDATA[https://investmentnewuat.policybazaar.com/prequote-newulipforms]]>
              </value>
            </param>
            <param index="4">
              <value>
                <![CDATA[TC006_PremiumPaymentModeValidation]]>
              </value>
            </param>
          </params>
          <reporter-output>
          </reporter-output>
        </test-method> <!-- initializeTestBaseSetup -->
        <test-method signature="TC006_premiumPaymentModeValidation()[pri:0, instance:com.policybazaar.components.tests.TC006_PremiumPaymentModeValidation@6581dc0a]" started-at="2024-12-19T13:02:06Z" name="TC006_premiumPaymentModeValidation" finished-at="2024-12-19T13:03:17Z" duration-ms="70881" status="PASS">
          <reporter-output>
          </reporter-output>
        </test-method> <!-- TC006_premiumPaymentModeValidation -->
        <test-method is-config="true" signature="classTearDown()[pri:0, instance:com.policybazaar.components.tests.TC006_PremiumPaymentModeValidation@6581dc0a]" started-at="2024-12-19T13:03:17Z" name="classTearDown" finished-at="2024-12-19T13:03:17Z" duration-ms="0" status="FAIL">
          <exception class="org.apache.poi.POIXMLException">
            <message>
              <![CDATA[org.apache.poi.openxml4j.exceptions.InvalidFormatException: Package should contain a content type part [M1.13]]]>
            </message>
            <full-stacktrace>
              <![CDATA[org.apache.poi.POIXMLException: org.apache.poi.openxml4j.exceptions.InvalidFormatException: Package should contain a content type part [M1.13]
	at org.apache.poi.util.PackageHelper.open(PackageHelper.java:39)
	at org.apache.poi.xwpf.usermodel.XWPFDocument.<init>(XWPFDocument.java:128)
	at com.policybazaar.components.reporting.WordGenerator.endTest(WordGenerator.java:63)
	at com.policybazaar.components.reporting.DocTestManager.endTest(DocTestManager.java:17)
	at com.policybazaar.components.setup.DriverSetup.classTearDown(DriverSetup.java:546)
	at java.base/jdk.internal.reflect.DirectMethodHandleAccessor.invoke(DirectMethodHandleAccessor.java:103)
	at java.base/java.lang.reflect.Method.invoke(Method.java:580)
	at org.testng.internal.MethodInvocationHelper.invokeMethod(MethodInvocationHelper.java:104)
	at org.testng.internal.Invoker.invokeConfigurationMethod(Invoker.java:515)
	at org.testng.internal.Invoker.invokeConfigurations(Invoker.java:217)
	at org.testng.internal.Invoker.invokeConfigurations(Invoker.java:144)
	at org.testng.internal.TestMethodWorker.invokeAfterClassMethods(TestMethodWorker.java:217)
	at org.testng.internal.TestMethodWorker.run(TestMethodWorker.java:115)
	at org.testng.TestRunner.privateRun(TestRunner.java:756)
	at org.testng.TestRunner.run(TestRunner.java:610)
	at org.testng.SuiteRunner.runTest(SuiteRunner.java:387)
	at org.testng.SuiteRunner.access$000(SuiteRunner.java:39)
	at org.testng.SuiteRunner$SuiteWorker.run(SuiteRunner.java:421)
	at org.testng.internal.thread.ThreadUtil$2.call(ThreadUtil.java:64)
	at java.base/java.util.concurrent.FutureTask.run(FutureTask.java:317)
	at java.base/java.util.concurrent.ThreadPoolExecutor.runWorker(ThreadPoolExecutor.java:1144)
	at java.base/java.util.concurrent.ThreadPoolExecutor$Worker.run(ThreadPoolExecutor.java:642)
	at java.base/java.lang.Thread.run(Thread.java:1570)
Caused by: org.apache.poi.openxml4j.exceptions.InvalidFormatException: Package should contain a content type part [M1.13]
	at org.apache.poi.openxml4j.opc.ZipPackage.getPartsImpl(ZipPackage.java:197)
	at org.apache.poi.openxml4j.opc.OPCPackage.getParts(OPCPackage.java:696)
	at org.apache.poi.openxml4j.opc.OPCPackage.open(OPCPackage.java:280)
	at org.apache.poi.util.PackageHelper.open(PackageHelper.java:37)
	... 22 more
]]>
            </full-stacktrace>
          </exception> <!-- org.apache.poi.POIXMLException -->
          <reporter-output>
          </reporter-output>
        </test-method> <!-- classTearDown -->
      </class> <!-- com.policybazaar.components.tests.TC006_PremiumPaymentModeValidation -->
    </test> <!-- TC006_PremiumPaymentModeValidation -->
  </suite> <!-- Test -->
</testng-results>
